<?xml version="1.0" encoding="UTF-8"?>
<Site BuildName="Win32-ninja"
	BuildStamp="20231115-1901-Experimental"
	Name="XtremeLite-PC"
	Generator="ctest-3.27.6"
	CompilerName="F:/Garbadge/LLVM/bin/clang++.exe"
	CompilerVersion="17.0.1"
	OSName="Windows"
	Hostname="XtremeLite-PC"
	OSRelease=" Professional"
	OSVersion=" (Build 19045)"
	OSPlatform="AMD64"
	Is64Bits="1"
	VendorString="GenuineIntel"
	VendorID="Intel Corporation"
	FamilyID="6"
	ModelID="7"
	ProcessorCacheSize="-1"
	NumberOfLogicalCPU="4"
	NumberOfPhysicalCPU="4"
	TotalVirtualMemory="10291"
	TotalPhysicalMemory="4095"
	LogicalProcessorsPerPhysical="1"
	ProcessorClockFrequency="3469"
	>
	<Testing>
		<StartDateTime>Nov 15 22:30 RTZ 2 ([NON-UTF-8-BYTE-0xE7][NON-UTF-8-BYTE-0xE8][NON-UTF-8-BYTE-0xEC][NON-UTF-8-BYTE-0xE0])</StartDateTime>
		<StartTestTime>1700076608</StartTestTime>
		<TestList/>
		<EndDateTime>Nov 15 22:30 RTZ 2 ([NON-UTF-8-BYTE-0xE7][NON-UTF-8-BYTE-0xE8][NON-UTF-8-BYTE-0xEC][NON-UTF-8-BYTE-0xE0])</EndDateTime>
		<EndTestTime>1700076608</EndTestTime>
		<ElapsedMinutes>0</ElapsedMinutes>
	</Testing>
</Site>
